0 info it worked if it ends with ok
1 verbose cli [ '/Users/fleopardo/.nvm/versions/node/v6.9.2/bin/node',
1 verbose cli   '/Users/fleopardo/.nvm/versions/node/v6.9.2/bin/npm',
1 verbose cli   'start' ]
2 info using npm@3.10.9
3 info using node@v6.9.2
4 verbose run-script [ 'prestart', 'start', 'poststart' ]
5 info lifecycle meli-react-1@1.0.0~prestart: meli-react-1@1.0.0
6 silly lifecycle meli-react-1@1.0.0~prestart: no script for prestart, continuing
7 info lifecycle meli-react-1@1.0.0~start: meli-react-1@1.0.0
8 verbose lifecycle meli-react-1@1.0.0~start: unsafe-perm in lifecycle true
9 verbose lifecycle meli-react-1@1.0.0~start: PATH: /Users/fleopardo/.nvm/versions/node/v6.9.2/lib/node_modules/npm/bin/node-gyp-bin:/Users/fleopardo/workspace/leopardo/meli-react-1/node_modules/.bin:/Library/Frameworks/Python.framework/Versions/2.7/bin:/Users/fleopardo/.sdkman/candidates/grails/current/bin:/Users/fleopardo/.nvm/versions/node/v6.9.2/bin:/usr/local/bin:/usr/local/bin:/usr/bin:/bin:/usr/sbin:/sbin:/Users/fleopardo/workspace/commons-helpers:/tools:/platform-tools
10 verbose lifecycle meli-react-1@1.0.0~start: CWD: /Users/fleopardo/workspace/leopardo/meli-react-1
11 silly lifecycle meli-react-1@1.0.0~start: Args: [ '-c', 'webpack-dev-server' ]
12 info lifecycle meli-react-1@1.0.0~start: Failed to exec start script
13 verbose stack Error: meli-react-1@1.0.0 start: `webpack-dev-server`
13 verbose stack spawn ENOENT
13 verbose stack     at ChildProcess.<anonymous> (/Users/fleopardo/.nvm/versions/node/v6.9.2/lib/node_modules/npm/lib/utils/spawn.js:33:16)
13 verbose stack     at emitTwo (events.js:106:13)
13 verbose stack     at ChildProcess.emit (events.js:191:7)
13 verbose stack     at maybeClose (internal/child_process.js:877:16)
13 verbose stack     at Process.ChildProcess._handle.onexit (internal/child_process.js:226:5)
14 verbose pkgid meli-react-1@1.0.0
15 verbose cwd /Users/fleopardo/workspace/leopardo/meli-react-1
16 error Darwin 15.6.0
17 error argv "/Users/fleopardo/.nvm/versions/node/v6.9.2/bin/node" "/Users/fleopardo/.nvm/versions/node/v6.9.2/bin/npm" "start"
18 error node v6.9.2
19 error npm  v3.10.9
20 error file sh
21 error code ELIFECYCLE
22 error errno ENOENT
23 error syscall spawn
24 error meli-react-1@1.0.0 start: `webpack-dev-server`
24 error spawn ENOENT
25 error Failed at the meli-react-1@1.0.0 start script 'webpack-dev-server'.
25 error Make sure you have the latest version of node.js and npm installed.
25 error If you do, this is most likely a problem with the meli-react-1 package,
25 error not with npm itself.
25 error Tell the author that this fails on your system:
25 error     webpack-dev-server
25 error You can get information on how to open an issue for this project with:
25 error     npm bugs meli-react-1
25 error Or if that isn't available, you can get their info via:
25 error     npm owner ls meli-react-1
25 error There is likely additional logging output above.
26 verbose exit [ 1, true ]
